[dotenv@17.2.3] injecting env (7) from .env -- tip: ⚙️  suppress all logs with { quiet: true }
Database synced
Server running on port 3000
Error in notification cron: Error
    at Query.run (/Users/hoc/Documents/Ky_5/Computer_Technology/Final/SMARTTASKER-2.0/backend/node_modules/sequelize/lib/dialects/mysql/query.js:52:25)
    at /Users/hoc/Documents/Ky_5/Computer_Technology/Final/SMARTTASKER-2.0/backend/node_modules/sequelize/lib/sequelize.js:315:28
    at process.processTicksAndRejections (node:internal/process/task_queues:103:5)
    at async MySQLQueryInterface.select (/Users/hoc/Documents/Ky_5/Computer_Technology/Final/SMARTTASKER-2.0/backend/node_modules/sequelize/lib/dialects/abstract/query-interface.js:407:12)
    at async Task.findAll (/Users/hoc/Documents/Ky_5/Computer_Technology/Final/SMARTTASKER-2.0/backend/node_modules/sequelize/lib/model.js:1140:21)
    at async /Users/hoc/Documents/Ky_5/Computer_Technology/Final/SMARTTASKER-2.0/backend/cron/notificationCron.js:15:19
    at async Timeout._onTimeout (/Users/hoc/Documents/Ky_5/Computer_Technology/Final/SMARTTASKER-2.0/backend/node_modules/node-cron/dist/cjs/scheduler/runner.js:70:44) {
  name: 'SequelizeDatabaseError',
  parent: Error: Unknown column 'Task.due_date' in 'where clause'
      at Packet.asError (/Users/hoc/Documents/Ky_5/Computer_Technology/Final/SMARTTASKER-2.0/backend/node_modules/mysql2/lib/packets/packet.js:740:17)
      at Query.execute (/Users/hoc/Documents/Ky_5/Computer_Technology/Final/SMARTTASKER-2.0/backend/node_modules/mysql2/lib/commands/command.js:29:26)
      at Connection.handlePacket (/Users/hoc/Documents/Ky_5/Computer_Technology/Final/SMARTTASKER-2.0/backend/node_modules/mysql2/lib/base/connection.js:477:34)
      at PacketParser.onPacket (/Users/hoc/Documents/Ky_5/Computer_Technology/Final/SMARTTASKER-2.0/backend/node_modules/mysql2/lib/base/connection.js:93:12)
      at PacketParser.executeStart (/Users/hoc/Documents/Ky_5/Computer_Technology/Final/SMARTTASKER-2.0/backend/node_modules/mysql2/lib/packet_parser.js:75:16)
      at Socket.<anonymous> (/Users/hoc/Documents/Ky_5/Computer_Technology/Final/SMARTTASKER-2.0/backend/node_modules/mysql2/lib/base/connection.js:100:25)
      at Socket.emit (node:events:508:28)
      at addChunk (node:internal/streams/readable:559:12)
      at readableAddChunkPushByteMode (node:internal/streams/readable:510:3)
      at Readable.push (node:internal/streams/readable:390:5) {
    code: 'ER_BAD_FIELD_ERROR',
    errno: 1054,
    sqlState: '42S22',
    sqlMessage: "Unknown column 'Task.due_date' in 'where clause'",
    sql: "SELECT `Task`.`task_id`, `Task`.`title`, `Task`.`description`, `Task`.`attachment`, `Task`.`createdAt`, `Task`.`updatedAt`, `Task`.`user_id`, `Task`.`project_id`, `Task`.`priority_id`, `Task`.`status_id`, `Task`.`due_date_id`, `Task`.`reminder_id`, `User`.`user_id` AS `User.user_id`, `User`.`name` AS `User.name`, `User`.`email` AS `User.email`, `User`.`createdAt` AS `User.createdAt`, `User`.`updatedAt` AS `User.updatedAt` FROM `Tasks` AS `Task` LEFT OUTER JOIN `Users` AS `User` ON `Task`.`user_id` = `User`.`user_id` WHERE (`Task`.`due_date` BETWEEN '2025-11-29 08:06:00' AND '2025-11-29 08:08:00' OR `Task`.`reminder_at` BETWEEN '2025-11-29 08:06:00' AND '2025-11-29 08:08:00');",
    parameters: undefined
  },
  original: Error: Unknown column 'Task.due_date' in 'where clause'
      at Packet.asError (/Users/hoc/Documents/Ky_5/Computer_Technology/Final/SMARTTASKER-2.0/backend/node_modules/mysql2/lib/packets/packet.js:740:17)
      at Query.execute (/Users/hoc/Documents/Ky_5/Computer_Technology/Final/SMARTTASKER-2.0/backend/node_modules/mysql2/lib/commands/command.js:29:26)
      at Connection.handlePacket (/Users/hoc/Documents/Ky_5/Computer_Technology/Final/SMARTTASKER-2.0/backend/node_modules/mysql2/lib/base/connection.js:477:34)
      at PacketParser.onPacket (/Users/hoc/Documents/Ky_5/Computer_Technology/Final/SMARTTASKER-2.0/backend/node_modules/mysql2/lib/base/connection.js:93:12)
      at PacketParser.executeStart (/Users/hoc/Documents/Ky_5/Computer_Technology/Final/SMARTTASKER-2.0/backend/node_modules/mysql2/lib/packet_parser.js:75:16)
      at Socket.<anonymous> (/Users/hoc/Documents/Ky_5/Computer_Technology/Final/SMARTTASKER-2.0/backend/node_modules/mysql2/lib/base/connection.js:100:25)
      at Socket.emit (node:events:508:28)
      at addChunk (node:internal/streams/readable:559:12)
      at readableAddChunkPushByteMode (node:internal/streams/readable:510:3)
      at Readable.push (node:internal/streams/readable:390:5) {
    code: 'ER_BAD_FIELD_ERROR',
    errno: 1054,
    sqlState: '42S22',
    sqlMessage: "Unknown column 'Task.due_date' in 'where clause'",
    sql: "SELECT `Task`.`task_id`, `Task`.`title`, `Task`.`description`, `Task`.`attachment`, `Task`.`createdAt`, `Task`.`updatedAt`, `Task`.`user_id`, `Task`.`project_id`, `Task`.`priority_id`, `Task`.`status_id`, `Task`.`due_date_id`, `Task`.`reminder_id`, `User`.`user_id` AS `User.user_id`, `User`.`name` AS `User.name`, `User`.`email` AS `User.email`, `User`.`createdAt` AS `User.createdAt`, `User`.`updatedAt` AS `User.updatedAt` FROM `Tasks` AS `Task` LEFT OUTER JOIN `Users` AS `User` ON `Task`.`user_id` = `User`.`user_id` WHERE (`Task`.`due_date` BETWEEN '2025-11-29 08:06:00' AND '2025-11-29 08:08:00' OR `Task`.`reminder_at` BETWEEN '2025-11-29 08:06:00' AND '2025-11-29 08:08:00');",
    parameters: undefined
  },
  sql: "SELECT `Task`.`task_id`, `Task`.`title`, `Task`.`description`, `Task`.`attachment`, `Task`.`createdAt`, `Task`.`updatedAt`, `Task`.`user_id`, `Task`.`project_id`, `Task`.`priority_id`, `Task`.`status_id`, `Task`.`due_date_id`, `Task`.`reminder_id`, `User`.`user_id` AS `User.user_id`, `User`.`name` AS `User.name`, `User`.`email` AS `User.email`, `User`.`createdAt` AS `User.createdAt`, `User`.`updatedAt` AS `User.updatedAt` FROM `Tasks` AS `Task` LEFT OUTER JOIN `Users` AS `User` ON `Task`.`user_id` = `User`.`user_id` WHERE (`Task`.`due_date` BETWEEN '2025-11-29 08:06:00' AND '2025-11-29 08:08:00' OR `Task`.`reminder_at` BETWEEN '2025-11-29 08:06:00' AND '2025-11-29 08:08:00');",
  parameters: {}
}
Error in notification cron: Error
    at Query.run (/Users/hoc/Documents/Ky_5/Computer_Technology/Final/SMARTTASKER-2.0/backend/node_modules/sequelize/lib/dialects/mysql/query.js:52:25)
    at /Users/hoc/Documents/Ky_5/Computer_Technology/Final/SMARTTASKER-2.0/backend/node_modules/sequelize/lib/sequelize.js:315:28
    at process.processTicksAndRejections (node:internal/process/task_queues:103:5)
    at async MySQLQueryInterface.select (/Users/hoc/Documents/Ky_5/Computer_Technology/Final/SMARTTASKER-2.0/backend/node_modules/sequelize/lib/dialects/abstract/query-interface.js:407:12)
    at async Task.findAll (/Users/hoc/Documents/Ky_5/Computer_Technology/Final/SMARTTASKER-2.0/backend/node_modules/sequelize/lib/model.js:1140:21)
    at async /Users/hoc/Documents/Ky_5/Computer_Technology/Final/SMARTTASKER-2.0/backend/cron/notificationCron.js:15:19
    at async Timeout._onTimeout (/Users/hoc/Documents/Ky_5/Computer_Technology/Final/SMARTTASKER-2.0/backend/node_modules/node-cron/dist/cjs/scheduler/runner.js:70:44) {
  name: 'SequelizeDatabaseError',
  parent: Error: Unknown column 'Task.due_date' in 'where clause'
      at Packet.asError (/Users/hoc/Documents/Ky_5/Computer_Technology/Final/SMARTTASKER-2.0/backend/node_modules/mysql2/lib/packets/packet.js:740:17)
      at Query.execute (/Users/hoc/Documents/Ky_5/Computer_Technology/Final/SMARTTASKER-2.0/backend/node_modules/mysql2/lib/commands/command.js:29:26)
      at Connection.handlePacket (/Users/hoc/Documents/Ky_5/Computer_Technology/Final/SMARTTASKER-2.0/backend/node_modules/mysql2/lib/base/connection.js:477:34)
      at PacketParser.onPacket (/Users/hoc/Documents/Ky_5/Computer_Technology/Final/SMARTTASKER-2.0/backend/node_modules/mysql2/lib/base/connection.js:93:12)
      at PacketParser.executeStart (/Users/hoc/Documents/Ky_5/Computer_Technology/Final/SMARTTASKER-2.0/backend/node_modules/mysql2/lib/packet_parser.js:75:16)
      at Socket.<anonymous> (/Users/hoc/Documents/Ky_5/Computer_Technology/Final/SMARTTASKER-2.0/backend/node_modules/mysql2/lib/base/connection.js:100:25)
      at Socket.emit (node:events:508:28)
      at addChunk (node:internal/streams/readable:559:12)
      at readableAddChunkPushByteMode (node:internal/streams/readable:510:3)
      at Readable.push (node:internal/streams/readable:390:5) {
    code: 'ER_BAD_FIELD_ERROR',
    errno: 1054,
    sqlState: '42S22',
    sqlMessage: "Unknown column 'Task.due_date' in 'where clause'",
    sql: "SELECT `Task`.`task_id`, `Task`.`title`, `Task`.`description`, `Task`.`attachment`, `Task`.`createdAt`, `Task`.`updatedAt`, `Task`.`user_id`, `Task`.`project_id`, `Task`.`priority_id`, `Task`.`status_id`, `Task`.`due_date_id`, `Task`.`reminder_id`, `User`.`user_id` AS `User.user_id`, `User`.`name` AS `User.name`, `User`.`email` AS `User.email`, `User`.`createdAt` AS `User.createdAt`, `User`.`updatedAt` AS `User.updatedAt` FROM `Tasks` AS `Task` LEFT OUTER JOIN `Users` AS `User` ON `Task`.`user_id` = `User`.`user_id` WHERE (`Task`.`due_date` BETWEEN '2025-11-29 08:07:00' AND '2025-11-29 08:09:00' OR `Task`.`reminder_at` BETWEEN '2025-11-29 08:07:00' AND '2025-11-29 08:09:00');",
    parameters: undefined
  },
  original: Error: Unknown column 'Task.due_date' in 'where clause'
      at Packet.asError (/Users/hoc/Documents/Ky_5/Computer_Technology/Final/SMARTTASKER-2.0/backend/node_modules/mysql2/lib/packets/packet.js:740:17)
      at Query.execute (/Users/hoc/Documents/Ky_5/Computer_Technology/Final/SMARTTASKER-2.0/backend/node_modules/mysql2/lib/commands/command.js:29:26)
      at Connection.handlePacket (/Users/hoc/Documents/Ky_5/Computer_Technology/Final/SMARTTASKER-2.0/backend/node_modules/mysql2/lib/base/connection.js:477:34)
      at PacketParser.onPacket (/Users/hoc/Documents/Ky_5/Computer_Technology/Final/SMARTTASKER-2.0/backend/node_modules/mysql2/lib/base/connection.js:93:12)
      at PacketParser.executeStart (/Users/hoc/Documents/Ky_5/Computer_Technology/Final/SMARTTASKER-2.0/backend/node_modules/mysql2/lib/packet_parser.js:75:16)
      at Socket.<anonymous> (/Users/hoc/Documents/Ky_5/Computer_Technology/Final/SMARTTASKER-2.0/backend/node_modules/mysql2/lib/base/connection.js:100:25)
      at Socket.emit (node:events:508:28)
      at addChunk (node:internal/streams/readable:559:12)
      at readableAddChunkPushByteMode (node:internal/streams/readable:510:3)
      at Readable.push (node:internal/streams/readable:390:5) {
    code: 'ER_BAD_FIELD_ERROR',
    errno: 1054,
    sqlState: '42S22',
    sqlMessage: "Unknown column 'Task.due_date' in 'where clause'",
    sql: "SELECT `Task`.`task_id`, `Task`.`title`, `Task`.`description`, `Task`.`attachment`, `Task`.`createdAt`, `Task`.`updatedAt`, `Task`.`user_id`, `Task`.`project_id`, `Task`.`priority_id`, `Task`.`status_id`, `Task`.`due_date_id`, `Task`.`reminder_id`, `User`.`user_id` AS `User.user_id`, `User`.`name` AS `User.name`, `User`.`email` AS `User.email`, `User`.`createdAt` AS `User.createdAt`, `User`.`updatedAt` AS `User.updatedAt` FROM `Tasks` AS `Task` LEFT OUTER JOIN `Users` AS `User` ON `Task`.`user_id` = `User`.`user_id` WHERE (`Task`.`due_date` BETWEEN '2025-11-29 08:07:00' AND '2025-11-29 08:09:00' OR `Task`.`reminder_at` BETWEEN '2025-11-29 08:07:00' AND '2025-11-29 08:09:00');",
    parameters: undefined
  },
  sql: "SELECT `Task`.`task_id`, `Task`.`title`, `Task`.`description`, `Task`.`attachment`, `Task`.`createdAt`, `Task`.`updatedAt`, `Task`.`user_id`, `Task`.`project_id`, `Task`.`priority_id`, `Task`.`status_id`, `Task`.`due_date_id`, `Task`.`reminder_id`, `User`.`user_id` AS `User.user_id`, `User`.`name` AS `User.name`, `User`.`email` AS `User.email`, `User`.`createdAt` AS `User.createdAt`, `User`.`updatedAt` AS `User.updatedAt` FROM `Tasks` AS `Task` LEFT OUTER JOIN `Users` AS `User` ON `Task`.`user_id` = `User`.`user_id` WHERE (`Task`.`due_date` BETWEEN '2025-11-29 08:07:00' AND '2025-11-29 08:09:00' OR `Task`.`reminder_at` BETWEEN '2025-11-29 08:07:00' AND '2025-11-29 08:09:00');",
  parameters: {}
}
Error in notification cron: Error
    at Query.run (/Users/hoc/Documents/Ky_5/Computer_Technology/Final/SMARTTASKER-2.0/backend/node_modules/sequelize/lib/dialects/mysql/query.js:52:25)
    at /Users/hoc/Documents/Ky_5/Computer_Technology/Final/SMARTTASKER-2.0/backend/node_modules/sequelize/lib/sequelize.js:315:28
    at process.processTicksAndRejections (node:internal/process/task_queues:103:5)
    at async MySQLQueryInterface.select (/Users/hoc/Documents/Ky_5/Computer_Technology/Final/SMARTTASKER-2.0/backend/node_modules/sequelize/lib/dialects/abstract/query-interface.js:407:12)
    at async Task.findAll (/Users/hoc/Documents/Ky_5/Computer_Technology/Final/SMARTTASKER-2.0/backend/node_modules/sequelize/lib/model.js:1140:21)
    at async /Users/hoc/Documents/Ky_5/Computer_Technology/Final/SMARTTASKER-2.0/backend/cron/notificationCron.js:15:19
    at async Timeout._onTimeout (/Users/hoc/Documents/Ky_5/Computer_Technology/Final/SMARTTASKER-2.0/backend/node_modules/node-cron/dist/cjs/scheduler/runner.js:70:44) {
  name: 'SequelizeDatabaseError',
  parent: Error: Unknown column 'Task.due_date' in 'where clause'
      at Packet.asError (/Users/hoc/Documents/Ky_5/Computer_Technology/Final/SMARTTASKER-2.0/backend/node_modules/mysql2/lib/packets/packet.js:740:17)
      at Query.execute (/Users/hoc/Documents/Ky_5/Computer_Technology/Final/SMARTTASKER-2.0/backend/node_modules/mysql2/lib/commands/command.js:29:26)
      at Connection.handlePacket (/Users/hoc/Documents/Ky_5/Computer_Technology/Final/SMARTTASKER-2.0/backend/node_modules/mysql2/lib/base/connection.js:477:34)
      at PacketParser.onPacket (/Users/hoc/Documents/Ky_5/Computer_Technology/Final/SMARTTASKER-2.0/backend/node_modules/mysql2/lib/base/connection.js:93:12)
      at PacketParser.executeStart (/Users/hoc/Documents/Ky_5/Computer_Technology/Final/SMARTTASKER-2.0/backend/node_modules/mysql2/lib/packet_parser.js:75:16)
      at Socket.<anonymous> (/Users/hoc/Documents/Ky_5/Computer_Technology/Final/SMARTTASKER-2.0/backend/node_modules/mysql2/lib/base/connection.js:100:25)
      at Socket.emit (node:events:508:28)
      at addChunk (node:internal/streams/readable:559:12)
      at readableAddChunkPushByteMode (node:internal/streams/readable:510:3)
      at Readable.push (node:internal/streams/readable:390:5) {
    code: 'ER_BAD_FIELD_ERROR',
    errno: 1054,
    sqlState: '42S22',
    sqlMessage: "Unknown column 'Task.due_date' in 'where clause'",
    sql: "SELECT `Task`.`task_id`, `Task`.`title`, `Task`.`description`, `Task`.`attachment`, `Task`.`createdAt`, `Task`.`updatedAt`, `Task`.`user_id`, `Task`.`project_id`, `Task`.`priority_id`, `Task`.`status_id`, `Task`.`due_date_id`, `Task`.`reminder_id`, `User`.`user_id` AS `User.user_id`, `User`.`name` AS `User.name`, `User`.`email` AS `User.email`, `User`.`createdAt` AS `User.createdAt`, `User`.`updatedAt` AS `User.updatedAt` FROM `Tasks` AS `Task` LEFT OUTER JOIN `Users` AS `User` ON `Task`.`user_id` = `User`.`user_id` WHERE (`Task`.`due_date` BETWEEN '2025-11-29 08:08:00' AND '2025-11-29 08:10:00' OR `Task`.`reminder_at` BETWEEN '2025-11-29 08:08:00' AND '2025-11-29 08:10:00');",
    parameters: undefined
  },
  original: Error: Unknown column 'Task.due_date' in 'where clause'
      at Packet.asError (/Users/hoc/Documents/Ky_5/Computer_Technology/Final/SMARTTASKER-2.0/backend/node_modules/mysql2/lib/packets/packet.js:740:17)
      at Query.execute (/Users/hoc/Documents/Ky_5/Computer_Technology/Final/SMARTTASKER-2.0/backend/node_modules/mysql2/lib/commands/command.js:29:26)
      at Connection.handlePacket (/Users/hoc/Documents/Ky_5/Computer_Technology/Final/SMARTTASKER-2.0/backend/node_modules/mysql2/lib/base/connection.js:477:34)
      at PacketParser.onPacket (/Users/hoc/Documents/Ky_5/Computer_Technology/Final/SMARTTASKER-2.0/backend/node_modules/mysql2/lib/base/connection.js:93:12)
      at PacketParser.executeStart (/Users/hoc/Documents/Ky_5/Computer_Technology/Final/SMARTTASKER-2.0/backend/node_modules/mysql2/lib/packet_parser.js:75:16)
      at Socket.<anonymous> (/Users/hoc/Documents/Ky_5/Computer_Technology/Final/SMARTTASKER-2.0/backend/node_modules/mysql2/lib/base/connection.js:100:25)
      at Socket.emit (node:events:508:28)
      at addChunk (node:internal/streams/readable:559:12)
      at readableAddChunkPushByteMode (node:internal/streams/readable:510:3)
      at Readable.push (node:internal/streams/readable:390:5) {
    code: 'ER_BAD_FIELD_ERROR',
    errno: 1054,
    sqlState: '42S22',
    sqlMessage: "Unknown column 'Task.due_date' in 'where clause'",
    sql: "SELECT `Task`.`task_id`, `Task`.`title`, `Task`.`description`, `Task`.`attachment`, `Task`.`createdAt`, `Task`.`updatedAt`, `Task`.`user_id`, `Task`.`project_id`, `Task`.`priority_id`, `Task`.`status_id`, `Task`.`due_date_id`, `Task`.`reminder_id`, `User`.`user_id` AS `User.user_id`, `User`.`name` AS `User.name`, `User`.`email` AS `User.email`, `User`.`createdAt` AS `User.createdAt`, `User`.`updatedAt` AS `User.updatedAt` FROM `Tasks` AS `Task` LEFT OUTER JOIN `Users` AS `User` ON `Task`.`user_id` = `User`.`user_id` WHERE (`Task`.`due_date` BETWEEN '2025-11-29 08:08:00' AND '2025-11-29 08:10:00' OR `Task`.`reminder_at` BETWEEN '2025-11-29 08:08:00' AND '2025-11-29 08:10:00');",
    parameters: undefined
  },
  sql: "SELECT `Task`.`task_id`, `Task`.`title`, `Task`.`description`, `Task`.`attachment`, `Task`.`createdAt`, `Task`.`updatedAt`, `Task`.`user_id`, `Task`.`project_id`, `Task`.`priority_id`, `Task`.`status_id`, `Task`.`due_date_id`, `Task`.`reminder_id`, `User`.`user_id` AS `User.user_id`, `User`.`name` AS `User.name`, `User`.`email` AS `User.email`, `User`.`createdAt` AS `User.createdAt`, `User`.`updatedAt` AS `User.updatedAt` FROM `Tasks` AS `Task` LEFT OUTER JOIN `Users` AS `User` ON `Task`.`user_id` = `User`.`user_id` WHERE (`Task`.`due_date` BETWEEN '2025-11-29 08:08:00' AND '2025-11-29 08:10:00' OR `Task`.`reminder_at` BETWEEN '2025-11-29 08:08:00' AND '2025-11-29 08:10:00');",
  parameters: {}
}
Error in notification cron: Error
    at Query.run (/Users/hoc/Documents/Ky_5/Computer_Technology/Final/SMARTTASKER-2.0/backend/node_modules/sequelize/lib/dialects/mysql/query.js:52:25)
    at /Users/hoc/Documents/Ky_5/Computer_Technology/Final/SMARTTASKER-2.0/backend/node_modules/sequelize/lib/sequelize.js:315:28
    at process.processTicksAndRejections (node:internal/process/task_queues:103:5)
    at async MySQLQueryInterface.select (/Users/hoc/Documents/Ky_5/Computer_Technology/Final/SMARTTASKER-2.0/backend/node_modules/sequelize/lib/dialects/abstract/query-interface.js:407:12)
    at async Task.findAll (/Users/hoc/Documents/Ky_5/Computer_Technology/Final/SMARTTASKER-2.0/backend/node_modules/sequelize/lib/model.js:1140:21)
    at async /Users/hoc/Documents/Ky_5/Computer_Technology/Final/SMARTTASKER-2.0/backend/cron/notificationCron.js:15:19
    at async Timeout._onTimeout (/Users/hoc/Documents/Ky_5/Computer_Technology/Final/SMARTTASKER-2.0/backend/node_modules/node-cron/dist/cjs/scheduler/runner.js:70:44) {
  name: 'SequelizeDatabaseError',
  parent: Error: Unknown column 'Task.due_date' in 'where clause'
      at Packet.asError (/Users/hoc/Documents/Ky_5/Computer_Technology/Final/SMARTTASKER-2.0/backend/node_modules/mysql2/lib/packets/packet.js:740:17)
      at Query.execute (/Users/hoc/Documents/Ky_5/Computer_Technology/Final/SMARTTASKER-2.0/backend/node_modules/mysql2/lib/commands/command.js:29:26)
      at Connection.handlePacket (/Users/hoc/Documents/Ky_5/Computer_Technology/Final/SMARTTASKER-2.0/backend/node_modules/mysql2/lib/base/connection.js:477:34)
      at PacketParser.onPacket (/Users/hoc/Documents/Ky_5/Computer_Technology/Final/SMARTTASKER-2.0/backend/node_modules/mysql2/lib/base/connection.js:93:12)
      at PacketParser.executeStart (/Users/hoc/Documents/Ky_5/Computer_Technology/Final/SMARTTASKER-2.0/backend/node_modules/mysql2/lib/packet_parser.js:75:16)
      at Socket.<anonymous> (/Users/hoc/Documents/Ky_5/Computer_Technology/Final/SMARTTASKER-2.0/backend/node_modules/mysql2/lib/base/connection.js:100:25)
      at Socket.emit (node:events:508:28)
      at addChunk (node:internal/streams/readable:559:12)
      at readableAddChunkPushByteMode (node:internal/streams/readable:510:3)
      at Readable.push (node:internal/streams/readable:390:5) {
    code: 'ER_BAD_FIELD_ERROR',
    errno: 1054,
    sqlState: '42S22',
    sqlMessage: "Unknown column 'Task.due_date' in 'where clause'",
    sql: "SELECT `Task`.`task_id`, `Task`.`title`, `Task`.`description`, `Task`.`attachment`, `Task`.`createdAt`, `Task`.`updatedAt`, `Task`.`user_id`, `Task`.`project_id`, `Task`.`priority_id`, `Task`.`status_id`, `Task`.`due_date_id`, `Task`.`reminder_id`, `User`.`user_id` AS `User.user_id`, `User`.`name` AS `User.name`, `User`.`email` AS `User.email`, `User`.`createdAt` AS `User.createdAt`, `User`.`updatedAt` AS `User.updatedAt` FROM `Tasks` AS `Task` LEFT OUTER JOIN `Users` AS `User` ON `Task`.`user_id` = `User`.`user_id` WHERE (`Task`.`due_date` BETWEEN '2025-11-29 08:09:00' AND '2025-11-29 08:11:00' OR `Task`.`reminder_at` BETWEEN '2025-11-29 08:09:00' AND '2025-11-29 08:11:00');",
    parameters: undefined
  },
  original: Error: Unknown column 'Task.due_date' in 'where clause'
      at Packet.asError (/Users/hoc/Documents/Ky_5/Computer_Technology/Final/SMARTTASKER-2.0/backend/node_modules/mysql2/lib/packets/packet.js:740:17)
      at Query.execute (/Users/hoc/Documents/Ky_5/Computer_Technology/Final/SMARTTASKER-2.0/backend/node_modules/mysql2/lib/commands/command.js:29:26)
      at Connection.handlePacket (/Users/hoc/Documents/Ky_5/Computer_Technology/Final/SMARTTASKER-2.0/backend/node_modules/mysql2/lib/base/connection.js:477:34)
      at PacketParser.onPacket (/Users/hoc/Documents/Ky_5/Computer_Technology/Final/SMARTTASKER-2.0/backend/node_modules/mysql2/lib/base/connection.js:93:12)
      at PacketParser.executeStart (/Users/hoc/Documents/Ky_5/Computer_Technology/Final/SMARTTASKER-2.0/backend/node_modules/mysql2/lib/packet_parser.js:75:16)
      at Socket.<anonymous> (/Users/hoc/Documents/Ky_5/Computer_Technology/Final/SMARTTASKER-2.0/backend/node_modules/mysql2/lib/base/connection.js:100:25)
      at Socket.emit (node:events:508:28)
      at addChunk (node:internal/streams/readable:559:12)
      at readableAddChunkPushByteMode (node:internal/streams/readable:510:3)
      at Readable.push (node:internal/streams/readable:390:5) {
    code: 'ER_BAD_FIELD_ERROR',
    errno: 1054,
    sqlState: '42S22',
    sqlMessage: "Unknown column 'Task.due_date' in 'where clause'",
    sql: "SELECT `Task`.`task_id`, `Task`.`title`, `Task`.`description`, `Task`.`attachment`, `Task`.`createdAt`, `Task`.`updatedAt`, `Task`.`user_id`, `Task`.`project_id`, `Task`.`priority_id`, `Task`.`status_id`, `Task`.`due_date_id`, `Task`.`reminder_id`, `User`.`user_id` AS `User.user_id`, `User`.`name` AS `User.name`, `User`.`email` AS `User.email`, `User`.`createdAt` AS `User.createdAt`, `User`.`updatedAt` AS `User.updatedAt` FROM `Tasks` AS `Task` LEFT OUTER JOIN `Users` AS `User` ON `Task`.`user_id` = `User`.`user_id` WHERE (`Task`.`due_date` BETWEEN '2025-11-29 08:09:00' AND '2025-11-29 08:11:00' OR `Task`.`reminder_at` BETWEEN '2025-11-29 08:09:00' AND '2025-11-29 08:11:00');",
    parameters: undefined
  },
  sql: "SELECT `Task`.`task_id`, `Task`.`title`, `Task`.`description`, `Task`.`attachment`, `Task`.`createdAt`, `Task`.`updatedAt`, `Task`.`user_id`, `Task`.`project_id`, `Task`.`priority_id`, `Task`.`status_id`, `Task`.`due_date_id`, `Task`.`reminder_id`, `User`.`user_id` AS `User.user_id`, `User`.`name` AS `User.name`, `User`.`email` AS `User.email`, `User`.`createdAt` AS `User.createdAt`, `User`.`updatedAt` AS `User.updatedAt` FROM `Tasks` AS `Task` LEFT OUTER JOIN `Users` AS `User` ON `Task`.`user_id` = `User`.`user_id` WHERE (`Task`.`due_date` BETWEEN '2025-11-29 08:09:00' AND '2025-11-29 08:11:00' OR `Task`.`reminder_at` BETWEEN '2025-11-29 08:09:00' AND '2025-11-29 08:11:00');",
  parameters: {}
}
Error in notification cron: Error
    at Query.run (/Users/hoc/Documents/Ky_5/Computer_Technology/Final/SMARTTASKER-2.0/backend/node_modules/sequelize/lib/dialects/mysql/query.js:52:25)
    at /Users/hoc/Documents/Ky_5/Computer_Technology/Final/SMARTTASKER-2.0/backend/node_modules/sequelize/lib/sequelize.js:315:28
    at process.processTicksAndRejections (node:internal/process/task_queues:103:5)
    at async MySQLQueryInterface.select (/Users/hoc/Documents/Ky_5/Computer_Technology/Final/SMARTTASKER-2.0/backend/node_modules/sequelize/lib/dialects/abstract/query-interface.js:407:12)
    at async Task.findAll (/Users/hoc/Documents/Ky_5/Computer_Technology/Final/SMARTTASKER-2.0/backend/node_modules/sequelize/lib/model.js:1140:21)
    at async /Users/hoc/Documents/Ky_5/Computer_Technology/Final/SMARTTASKER-2.0/backend/cron/notificationCron.js:15:19
    at async Timeout._onTimeout (/Users/hoc/Documents/Ky_5/Computer_Technology/Final/SMARTTASKER-2.0/backend/node_modules/node-cron/dist/cjs/scheduler/runner.js:70:44) {
  name: 'SequelizeDatabaseError',
  parent: Error: Unknown column 'Task.due_date' in 'where clause'
      at Packet.asError (/Users/hoc/Documents/Ky_5/Computer_Technology/Final/SMARTTASKER-2.0/backend/node_modules/mysql2/lib/packets/packet.js:740:17)
      at Query.execute (/Users/hoc/Documents/Ky_5/Computer_Technology/Final/SMARTTASKER-2.0/backend/node_modules/mysql2/lib/commands/command.js:29:26)
      at Connection.handlePacket (/Users/hoc/Documents/Ky_5/Computer_Technology/Final/SMARTTASKER-2.0/backend/node_modules/mysql2/lib/base/connection.js:477:34)
      at PacketParser.onPacket (/Users/hoc/Documents/Ky_5/Computer_Technology/Final/SMARTTASKER-2.0/backend/node_modules/mysql2/lib/base/connection.js:93:12)
      at PacketParser.executeStart (/Users/hoc/Documents/Ky_5/Computer_Technology/Final/SMARTTASKER-2.0/backend/node_modules/mysql2/lib/packet_parser.js:75:16)
      at Socket.<anonymous> (/Users/hoc/Documents/Ky_5/Computer_Technology/Final/SMARTTASKER-2.0/backend/node_modules/mysql2/lib/base/connection.js:100:25)
      at Socket.emit (node:events:508:28)
      at addChunk (node:internal/streams/readable:559:12)
      at readableAddChunkPushByteMode (node:internal/streams/readable:510:3)
      at Readable.push (node:internal/streams/readable:390:5) {
    code: 'ER_BAD_FIELD_ERROR',
    errno: 1054,
    sqlState: '42S22',
    sqlMessage: "Unknown column 'Task.due_date' in 'where clause'",
    sql: "SELECT `Task`.`task_id`, `Task`.`title`, `Task`.`description`, `Task`.`attachment`, `Task`.`createdAt`, `Task`.`updatedAt`, `Task`.`user_id`, `Task`.`project_id`, `Task`.`priority_id`, `Task`.`status_id`, `Task`.`due_date_id`, `Task`.`reminder_id`, `User`.`user_id` AS `User.user_id`, `User`.`name` AS `User.name`, `User`.`email` AS `User.email`, `User`.`createdAt` AS `User.createdAt`, `User`.`updatedAt` AS `User.updatedAt` FROM `Tasks` AS `Task` LEFT OUTER JOIN `Users` AS `User` ON `Task`.`user_id` = `User`.`user_id` WHERE (`Task`.`due_date` BETWEEN '2025-11-29 08:10:00' AND '2025-11-29 08:12:00' OR `Task`.`reminder_at` BETWEEN '2025-11-29 08:10:00' AND '2025-11-29 08:12:00');",
    parameters: undefined
  },
  original: Error: Unknown column 'Task.due_date' in 'where clause'
      at Packet.asError (/Users/hoc/Documents/Ky_5/Computer_Technology/Final/SMARTTASKER-2.0/backend/node_modules/mysql2/lib/packets/packet.js:740:17)
      at Query.execute (/Users/hoc/Documents/Ky_5/Computer_Technology/Final/SMARTTASKER-2.0/backend/node_modules/mysql2/lib/commands/command.js:29:26)
      at Connection.handlePacket (/Users/hoc/Documents/Ky_5/Computer_Technology/Final/SMARTTASKER-2.0/backend/node_modules/mysql2/lib/base/connection.js:477:34)
      at PacketParser.onPacket (/Users/hoc/Documents/Ky_5/Computer_Technology/Final/SMARTTASKER-2.0/backend/node_modules/mysql2/lib/base/connection.js:93:12)
      at PacketParser.executeStart (/Users/hoc/Documents/Ky_5/Computer_Technology/Final/SMARTTASKER-2.0/backend/node_modules/mysql2/lib/packet_parser.js:75:16)
      at Socket.<anonymous> (/Users/hoc/Documents/Ky_5/Computer_Technology/Final/SMARTTASKER-2.0/backend/node_modules/mysql2/lib/base/connection.js:100:25)
      at Socket.emit (node:events:508:28)
      at addChunk (node:internal/streams/readable:559:12)
      at readableAddChunkPushByteMode (node:internal/streams/readable:510:3)
      at Readable.push (node:internal/streams/readable:390:5) {
    code: 'ER_BAD_FIELD_ERROR',
    errno: 1054,
    sqlState: '42S22',
    sqlMessage: "Unknown column 'Task.due_date' in 'where clause'",
    sql: "SELECT `Task`.`task_id`, `Task`.`title`, `Task`.`description`, `Task`.`attachment`, `Task`.`createdAt`, `Task`.`updatedAt`, `Task`.`user_id`, `Task`.`project_id`, `Task`.`priority_id`, `Task`.`status_id`, `Task`.`due_date_id`, `Task`.`reminder_id`, `User`.`user_id` AS `User.user_id`, `User`.`name` AS `User.name`, `User`.`email` AS `User.email`, `User`.`createdAt` AS `User.createdAt`, `User`.`updatedAt` AS `User.updatedAt` FROM `Tasks` AS `Task` LEFT OUTER JOIN `Users` AS `User` ON `Task`.`user_id` = `User`.`user_id` WHERE (`Task`.`due_date` BETWEEN '2025-11-29 08:10:00' AND '2025-11-29 08:12:00' OR `Task`.`reminder_at` BETWEEN '2025-11-29 08:10:00' AND '2025-11-29 08:12:00');",
    parameters: undefined
  },
  sql: "SELECT `Task`.`task_id`, `Task`.`title`, `Task`.`description`, `Task`.`attachment`, `Task`.`createdAt`, `Task`.`updatedAt`, `Task`.`user_id`, `Task`.`project_id`, `Task`.`priority_id`, `Task`.`status_id`, `Task`.`due_date_id`, `Task`.`reminder_id`, `User`.`user_id` AS `User.user_id`, `User`.`name` AS `User.name`, `User`.`email` AS `User.email`, `User`.`createdAt` AS `User.createdAt`, `User`.`updatedAt` AS `User.updatedAt` FROM `Tasks` AS `Task` LEFT OUTER JOIN `Users` AS `User` ON `Task`.`user_id` = `User`.`user_id` WHERE (`Task`.`due_date` BETWEEN '2025-11-29 08:10:00' AND '2025-11-29 08:12:00' OR `Task`.`reminder_at` BETWEEN '2025-11-29 08:10:00' AND '2025-11-29 08:12:00');",
  parameters: {}
}
Error in notification cron: Error
    at Query.run (/Users/hoc/Documents/Ky_5/Computer_Technology/Final/SMARTTASKER-2.0/backend/node_modules/sequelize/lib/dialects/mysql/query.js:52:25)
    at /Users/hoc/Documents/Ky_5/Computer_Technology/Final/SMARTTASKER-2.0/backend/node_modules/sequelize/lib/sequelize.js:315:28
    at process.processTicksAndRejections (node:internal/process/task_queues:103:5)
    at async MySQLQueryInterface.select (/Users/hoc/Documents/Ky_5/Computer_Technology/Final/SMARTTASKER-2.0/backend/node_modules/sequelize/lib/dialects/abstract/query-interface.js:407:12)
    at async Task.findAll (/Users/hoc/Documents/Ky_5/Computer_Technology/Final/SMARTTASKER-2.0/backend/node_modules/sequelize/lib/model.js:1140:21)
    at async /Users/hoc/Documents/Ky_5/Computer_Technology/Final/SMARTTASKER-2.0/backend/cron/notificationCron.js:15:19
    at async Timeout._onTimeout (/Users/hoc/Documents/Ky_5/Computer_Technology/Final/SMARTTASKER-2.0/backend/node_modules/node-cron/dist/cjs/scheduler/runner.js:70:44) {
  name: 'SequelizeDatabaseError',
  parent: Error: Unknown column 'Task.due_date' in 'where clause'
      at Packet.asError (/Users/hoc/Documents/Ky_5/Computer_Technology/Final/SMARTTASKER-2.0/backend/node_modules/mysql2/lib/packets/packet.js:740:17)
      at Query.execute (/Users/hoc/Documents/Ky_5/Computer_Technology/Final/SMARTTASKER-2.0/backend/node_modules/mysql2/lib/commands/command.js:29:26)
      at Connection.handlePacket (/Users/hoc/Documents/Ky_5/Computer_Technology/Final/SMARTTASKER-2.0/backend/node_modules/mysql2/lib/base/connection.js:477:34)
      at PacketParser.onPacket (/Users/hoc/Documents/Ky_5/Computer_Technology/Final/SMARTTASKER-2.0/backend/node_modules/mysql2/lib/base/connection.js:93:12)
      at PacketParser.executeStart (/Users/hoc/Documents/Ky_5/Computer_Technology/Final/SMARTTASKER-2.0/backend/node_modules/mysql2/lib/packet_parser.js:75:16)
      at Socket.<anonymous> (/Users/hoc/Documents/Ky_5/Computer_Technology/Final/SMARTTASKER-2.0/backend/node_modules/mysql2/lib/base/connection.js:100:25)
      at Socket.emit (node:events:508:28)
      at addChunk (node:internal/streams/readable:559:12)
      at readableAddChunkPushByteMode (node:internal/streams/readable:510:3)
      at Readable.push (node:internal/streams/readable:390:5) {
    code: 'ER_BAD_FIELD_ERROR',
    errno: 1054,
    sqlState: '42S22',
    sqlMessage: "Unknown column 'Task.due_date' in 'where clause'",
    sql: "SELECT `Task`.`task_id`, `Task`.`title`, `Task`.`description`, `Task`.`attachment`, `Task`.`createdAt`, `Task`.`updatedAt`, `Task`.`user_id`, `Task`.`project_id`, `Task`.`priority_id`, `Task`.`status_id`, `Task`.`due_date_id`, `Task`.`reminder_id`, `User`.`user_id` AS `User.user_id`, `User`.`name` AS `User.name`, `User`.`email` AS `User.email`, `User`.`createdAt` AS `User.createdAt`, `User`.`updatedAt` AS `User.updatedAt` FROM `Tasks` AS `Task` LEFT OUTER JOIN `Users` AS `User` ON `Task`.`user_id` = `User`.`user_id` WHERE (`Task`.`due_date` BETWEEN '2025-11-29 08:11:00' AND '2025-11-29 08:13:00' OR `Task`.`reminder_at` BETWEEN '2025-11-29 08:11:00' AND '2025-11-29 08:13:00');",
    parameters: undefined
  },
  original: Error: Unknown column 'Task.due_date' in 'where clause'
      at Packet.asError (/Users/hoc/Documents/Ky_5/Computer_Technology/Final/SMARTTASKER-2.0/backend/node_modules/mysql2/lib/packets/packet.js:740:17)
      at Query.execute (/Users/hoc/Documents/Ky_5/Computer_Technology/Final/SMARTTASKER-2.0/backend/node_modules/mysql2/lib/commands/command.js:29:26)
      at Connection.handlePacket (/Users/hoc/Documents/Ky_5/Computer_Technology/Final/SMARTTASKER-2.0/backend/node_modules/mysql2/lib/base/connection.js:477:34)
      at PacketParser.onPacket (/Users/hoc/Documents/Ky_5/Computer_Technology/Final/SMARTTASKER-2.0/backend/node_modules/mysql2/lib/base/connection.js:93:12)
      at PacketParser.executeStart (/Users/hoc/Documents/Ky_5/Computer_Technology/Final/SMARTTASKER-2.0/backend/node_modules/mysql2/lib/packet_parser.js:75:16)
      at Socket.<anonymous> (/Users/hoc/Documents/Ky_5/Computer_Technology/Final/SMARTTASKER-2.0/backend/node_modules/mysql2/lib/base/connection.js:100:25)
      at Socket.emit (node:events:508:28)
      at addChunk (node:internal/streams/readable:559:12)
      at readableAddChunkPushByteMode (node:internal/streams/readable:510:3)
      at Readable.push (node:internal/streams/readable:390:5) {
    code: 'ER_BAD_FIELD_ERROR',
    errno: 1054,
    sqlState: '42S22',
    sqlMessage: "Unknown column 'Task.due_date' in 'where clause'",
    sql: "SELECT `Task`.`task_id`, `Task`.`title`, `Task`.`description`, `Task`.`attachment`, `Task`.`createdAt`, `Task`.`updatedAt`, `Task`.`user_id`, `Task`.`project_id`, `Task`.`priority_id`, `Task`.`status_id`, `Task`.`due_date_id`, `Task`.`reminder_id`, `User`.`user_id` AS `User.user_id`, `User`.`name` AS `User.name`, `User`.`email` AS `User.email`, `User`.`createdAt` AS `User.createdAt`, `User`.`updatedAt` AS `User.updatedAt` FROM `Tasks` AS `Task` LEFT OUTER JOIN `Users` AS `User` ON `Task`.`user_id` = `User`.`user_id` WHERE (`Task`.`due_date` BETWEEN '2025-11-29 08:11:00' AND '2025-11-29 08:13:00' OR `Task`.`reminder_at` BETWEEN '2025-11-29 08:11:00' AND '2025-11-29 08:13:00');",
    parameters: undefined
  },
  sql: "SELECT `Task`.`task_id`, `Task`.`title`, `Task`.`description`, `Task`.`attachment`, `Task`.`createdAt`, `Task`.`updatedAt`, `Task`.`user_id`, `Task`.`project_id`, `Task`.`priority_id`, `Task`.`status_id`, `Task`.`due_date_id`, `Task`.`reminder_id`, `User`.`user_id` AS `User.user_id`, `User`.`name` AS `User.name`, `User`.`email` AS `User.email`, `User`.`createdAt` AS `User.createdAt`, `User`.`updatedAt` AS `User.updatedAt` FROM `Tasks` AS `Task` LEFT OUTER JOIN `Users` AS `User` ON `Task`.`user_id` = `User`.`user_id` WHERE (`Task`.`due_date` BETWEEN '2025-11-29 08:11:00' AND '2025-11-29 08:13:00' OR `Task`.`reminder_at` BETWEEN '2025-11-29 08:11:00' AND '2025-11-29 08:13:00');",
  parameters: {}
}
Error in notification cron: Error
    at Query.run (/Users/hoc/Documents/Ky_5/Computer_Technology/Final/SMARTTASKER-2.0/backend/node_modules/sequelize/lib/dialects/mysql/query.js:52:25)
    at /Users/hoc/Documents/Ky_5/Computer_Technology/Final/SMARTTASKER-2.0/backend/node_modules/sequelize/lib/sequelize.js:315:28
    at process.processTicksAndRejections (node:internal/process/task_queues:103:5)
    at async MySQLQueryInterface.select (/Users/hoc/Documents/Ky_5/Computer_Technology/Final/SMARTTASKER-2.0/backend/node_modules/sequelize/lib/dialects/abstract/query-interface.js:407:12)
    at async Task.findAll (/Users/hoc/Documents/Ky_5/Computer_Technology/Final/SMARTTASKER-2.0/backend/node_modules/sequelize/lib/model.js:1140:21)
    at async /Users/hoc/Documents/Ky_5/Computer_Technology/Final/SMARTTASKER-2.0/backend/cron/notificationCron.js:15:19
    at async Timeout._onTimeout (/Users/hoc/Documents/Ky_5/Computer_Technology/Final/SMARTTASKER-2.0/backend/node_modules/node-cron/dist/cjs/scheduler/runner.js:70:44) {
  name: 'SequelizeDatabaseError',
  parent: Error: Unknown column 'Task.due_date' in 'where clause'
      at Packet.asError (/Users/hoc/Documents/Ky_5/Computer_Technology/Final/SMARTTASKER-2.0/backend/node_modules/mysql2/lib/packets/packet.js:740:17)
      at Query.execute (/Users/hoc/Documents/Ky_5/Computer_Technology/Final/SMARTTASKER-2.0/backend/node_modules/mysql2/lib/commands/command.js:29:26)
      at Connection.handlePacket (/Users/hoc/Documents/Ky_5/Computer_Technology/Final/SMARTTASKER-2.0/backend/node_modules/mysql2/lib/base/connection.js:477:34)
      at PacketParser.onPacket (/Users/hoc/Documents/Ky_5/Computer_Technology/Final/SMARTTASKER-2.0/backend/node_modules/mysql2/lib/base/connection.js:93:12)
      at PacketParser.executeStart (/Users/hoc/Documents/Ky_5/Computer_Technology/Final/SMARTTASKER-2.0/backend/node_modules/mysql2/lib/packet_parser.js:75:16)
      at Socket.<anonymous> (/Users/hoc/Documents/Ky_5/Computer_Technology/Final/SMARTTASKER-2.0/backend/node_modules/mysql2/lib/base/connection.js:100:25)
      at Socket.emit (node:events:508:28)
      at addChunk (node:internal/streams/readable:559:12)
      at readableAddChunkPushByteMode (node:internal/streams/readable:510:3)
      at Readable.push (node:internal/streams/readable:390:5) {
    code: 'ER_BAD_FIELD_ERROR',
    errno: 1054,
    sqlState: '42S22',
    sqlMessage: "Unknown column 'Task.due_date' in 'where clause'",
    sql: "SELECT `Task`.`task_id`, `Task`.`title`, `Task`.`description`, `Task`.`attachment`, `Task`.`createdAt`, `Task`.`updatedAt`, `Task`.`user_id`, `Task`.`project_id`, `Task`.`priority_id`, `Task`.`status_id`, `Task`.`due_date_id`, `Task`.`reminder_id`, `User`.`user_id` AS `User.user_id`, `User`.`name` AS `User.name`, `User`.`email` AS `User.email`, `User`.`createdAt` AS `User.createdAt`, `User`.`updatedAt` AS `User.updatedAt` FROM `Tasks` AS `Task` LEFT OUTER JOIN `Users` AS `User` ON `Task`.`user_id` = `User`.`user_id` WHERE (`Task`.`due_date` BETWEEN '2025-11-29 08:12:00' AND '2025-11-29 08:14:00' OR `Task`.`reminder_at` BETWEEN '2025-11-29 08:12:00' AND '2025-11-29 08:14:00');",
    parameters: undefined
  },
  original: Error: Unknown column 'Task.due_date' in 'where clause'
      at Packet.asError (/Users/hoc/Documents/Ky_5/Computer_Technology/Final/SMARTTASKER-2.0/backend/node_modules/mysql2/lib/packets/packet.js:740:17)
      at Query.execute (/Users/hoc/Documents/Ky_5/Computer_Technology/Final/SMARTTASKER-2.0/backend/node_modules/mysql2/lib/commands/command.js:29:26)
      at Connection.handlePacket (/Users/hoc/Documents/Ky_5/Computer_Technology/Final/SMARTTASKER-2.0/backend/node_modules/mysql2/lib/base/connection.js:477:34)
      at PacketParser.onPacket (/Users/hoc/Documents/Ky_5/Computer_Technology/Final/SMARTTASKER-2.0/backend/node_modules/mysql2/lib/base/connection.js:93:12)
      at PacketParser.executeStart (/Users/hoc/Documents/Ky_5/Computer_Technology/Final/SMARTTASKER-2.0/backend/node_modules/mysql2/lib/packet_parser.js:75:16)
      at Socket.<anonymous> (/Users/hoc/Documents/Ky_5/Computer_Technology/Final/SMARTTASKER-2.0/backend/node_modules/mysql2/lib/base/connection.js:100:25)
      at Socket.emit (node:events:508:28)
      at addChunk (node:internal/streams/readable:559:12)
      at readableAddChunkPushByteMode (node:internal/streams/readable:510:3)
      at Readable.push (node:internal/streams/readable:390:5) {
    code: 'ER_BAD_FIELD_ERROR',
    errno: 1054,
    sqlState: '42S22',
    sqlMessage: "Unknown column 'Task.due_date' in 'where clause'",
    sql: "SELECT `Task`.`task_id`, `Task`.`title`, `Task`.`description`, `Task`.`attachment`, `Task`.`createdAt`, `Task`.`updatedAt`, `Task`.`user_id`, `Task`.`project_id`, `Task`.`priority_id`, `Task`.`status_id`, `Task`.`due_date_id`, `Task`.`reminder_id`, `User`.`user_id` AS `User.user_id`, `User`.`name` AS `User.name`, `User`.`email` AS `User.email`, `User`.`createdAt` AS `User.createdAt`, `User`.`updatedAt` AS `User.updatedAt` FROM `Tasks` AS `Task` LEFT OUTER JOIN `Users` AS `User` ON `Task`.`user_id` = `User`.`user_id` WHERE (`Task`.`due_date` BETWEEN '2025-11-29 08:12:00' AND '2025-11-29 08:14:00' OR `Task`.`reminder_at` BETWEEN '2025-11-29 08:12:00' AND '2025-11-29 08:14:00');",
    parameters: undefined
  },
  sql: "SELECT `Task`.`task_id`, `Task`.`title`, `Task`.`description`, `Task`.`attachment`, `Task`.`createdAt`, `Task`.`updatedAt`, `Task`.`user_id`, `Task`.`project_id`, `Task`.`priority_id`, `Task`.`status_id`, `Task`.`due_date_id`, `Task`.`reminder_id`, `User`.`user_id` AS `User.user_id`, `User`.`name` AS `User.name`, `User`.`email` AS `User.email`, `User`.`createdAt` AS `User.createdAt`, `User`.`updatedAt` AS `User.updatedAt` FROM `Tasks` AS `Task` LEFT OUTER JOIN `Users` AS `User` ON `Task`.`user_id` = `User`.`user_id` WHERE (`Task`.`due_date` BETWEEN '2025-11-29 08:12:00' AND '2025-11-29 08:14:00' OR `Task`.`reminder_at` BETWEEN '2025-11-29 08:12:00' AND '2025-11-29 08:14:00');",
  parameters: {}
}
Error in notification cron: Error
    at Query.run (/Users/hoc/Documents/Ky_5/Computer_Technology/Final/SMARTTASKER-2.0/backend/node_modules/sequelize/lib/dialects/mysql/query.js:52:25)
    at /Users/hoc/Documents/Ky_5/Computer_Technology/Final/SMARTTASKER-2.0/backend/node_modules/sequelize/lib/sequelize.js:315:28
    at process.processTicksAndRejections (node:internal/process/task_queues:103:5)
    at async MySQLQueryInterface.select (/Users/hoc/Documents/Ky_5/Computer_Technology/Final/SMARTTASKER-2.0/backend/node_modules/sequelize/lib/dialects/abstract/query-interface.js:407:12)
    at async Task.findAll (/Users/hoc/Documents/Ky_5/Computer_Technology/Final/SMARTTASKER-2.0/backend/node_modules/sequelize/lib/model.js:1140:21)
    at async /Users/hoc/Documents/Ky_5/Computer_Technology/Final/SMARTTASKER-2.0/backend/cron/notificationCron.js:15:19
    at async Timeout._onTimeout (/Users/hoc/Documents/Ky_5/Computer_Technology/Final/SMARTTASKER-2.0/backend/node_modules/node-cron/dist/cjs/scheduler/runner.js:70:44) {
  name: 'SequelizeDatabaseError',
  parent: Error: Unknown column 'Task.due_date' in 'where clause'
      at Packet.asError (/Users/hoc/Documents/Ky_5/Computer_Technology/Final/SMARTTASKER-2.0/backend/node_modules/mysql2/lib/packets/packet.js:740:17)
      at Query.execute (/Users/hoc/Documents/Ky_5/Computer_Technology/Final/SMARTTASKER-2.0/backend/node_modules/mysql2/lib/commands/command.js:29:26)
      at Connection.handlePacket (/Users/hoc/Documents/Ky_5/Computer_Technology/Final/SMARTTASKER-2.0/backend/node_modules/mysql2/lib/base/connection.js:477:34)
      at PacketParser.onPacket (/Users/hoc/Documents/Ky_5/Computer_Technology/Final/SMARTTASKER-2.0/backend/node_modules/mysql2/lib/base/connection.js:93:12)
      at PacketParser.executeStart (/Users/hoc/Documents/Ky_5/Computer_Technology/Final/SMARTTASKER-2.0/backend/node_modules/mysql2/lib/packet_parser.js:75:16)
      at Socket.<anonymous> (/Users/hoc/Documents/Ky_5/Computer_Technology/Final/SMARTTASKER-2.0/backend/node_modules/mysql2/lib/base/connection.js:100:25)
      at Socket.emit (node:events:508:28)
      at addChunk (node:internal/streams/readable:559:12)
      at readableAddChunkPushByteMode (node:internal/streams/readable:510:3)
      at Readable.push (node:internal/streams/readable:390:5) {
    code: 'ER_BAD_FIELD_ERROR',
    errno: 1054,
    sqlState: '42S22',
    sqlMessage: "Unknown column 'Task.due_date' in 'where clause'",
    sql: "SELECT `Task`.`task_id`, `Task`.`title`, `Task`.`description`, `Task`.`attachment`, `Task`.`createdAt`, `Task`.`updatedAt`, `Task`.`user_id`, `Task`.`project_id`, `Task`.`priority_id`, `Task`.`status_id`, `Task`.`due_date_id`, `Task`.`reminder_id`, `User`.`user_id` AS `User.user_id`, `User`.`name` AS `User.name`, `User`.`email` AS `User.email`, `User`.`createdAt` AS `User.createdAt`, `User`.`updatedAt` AS `User.updatedAt` FROM `Tasks` AS `Task` LEFT OUTER JOIN `Users` AS `User` ON `Task`.`user_id` = `User`.`user_id` WHERE (`Task`.`due_date` BETWEEN '2025-11-29 08:13:00' AND '2025-11-29 08:15:00' OR `Task`.`reminder_at` BETWEEN '2025-11-29 08:13:00' AND '2025-11-29 08:15:00');",
    parameters: undefined
  },
  original: Error: Unknown column 'Task.due_date' in 'where clause'
      at Packet.asError (/Users/hoc/Documents/Ky_5/Computer_Technology/Final/SMARTTASKER-2.0/backend/node_modules/mysql2/lib/packets/packet.js:740:17)
      at Query.execute (/Users/hoc/Documents/Ky_5/Computer_Technology/Final/SMARTTASKER-2.0/backend/node_modules/mysql2/lib/commands/command.js:29:26)
      at Connection.handlePacket (/Users/hoc/Documents/Ky_5/Computer_Technology/Final/SMARTTASKER-2.0/backend/node_modules/mysql2/lib/base/connection.js:477:34)
      at PacketParser.onPacket (/Users/hoc/Documents/Ky_5/Computer_Technology/Final/SMARTTASKER-2.0/backend/node_modules/mysql2/lib/base/connection.js:93:12)
      at PacketParser.executeStart (/Users/hoc/Documents/Ky_5/Computer_Technology/Final/SMARTTASKER-2.0/backend/node_modules/mysql2/lib/packet_parser.js:75:16)
      at Socket.<anonymous> (/Users/hoc/Documents/Ky_5/Computer_Technology/Final/SMARTTASKER-2.0/backend/node_modules/mysql2/lib/base/connection.js:100:25)
      at Socket.emit (node:events:508:28)
      at addChunk (node:internal/streams/readable:559:12)
      at readableAddChunkPushByteMode (node:internal/streams/readable:510:3)
      at Readable.push (node:internal/streams/readable:390:5) {
    code: 'ER_BAD_FIELD_ERROR',
    errno: 1054,
    sqlState: '42S22',
    sqlMessage: "Unknown column 'Task.due_date' in 'where clause'",
    sql: "SELECT `Task`.`task_id`, `Task`.`title`, `Task`.`description`, `Task`.`attachment`, `Task`.`createdAt`, `Task`.`updatedAt`, `Task`.`user_id`, `Task`.`project_id`, `Task`.`priority_id`, `Task`.`status_id`, `Task`.`due_date_id`, `Task`.`reminder_id`, `User`.`user_id` AS `User.user_id`, `User`.`name` AS `User.name`, `User`.`email` AS `User.email`, `User`.`createdAt` AS `User.createdAt`, `User`.`updatedAt` AS `User.updatedAt` FROM `Tasks` AS `Task` LEFT OUTER JOIN `Users` AS `User` ON `Task`.`user_id` = `User`.`user_id` WHERE (`Task`.`due_date` BETWEEN '2025-11-29 08:13:00' AND '2025-11-29 08:15:00' OR `Task`.`reminder_at` BETWEEN '2025-11-29 08:13:00' AND '2025-11-29 08:15:00');",
    parameters: undefined
  },
  sql: "SELECT `Task`.`task_id`, `Task`.`title`, `Task`.`description`, `Task`.`attachment`, `Task`.`createdAt`, `Task`.`updatedAt`, `Task`.`user_id`, `Task`.`project_id`, `Task`.`priority_id`, `Task`.`status_id`, `Task`.`due_date_id`, `Task`.`reminder_id`, `User`.`user_id` AS `User.user_id`, `User`.`name` AS `User.name`, `User`.`email` AS `User.email`, `User`.`createdAt` AS `User.createdAt`, `User`.`updatedAt` AS `User.updatedAt` FROM `Tasks` AS `Task` LEFT OUTER JOIN `Users` AS `User` ON `Task`.`user_id` = `User`.`user_id` WHERE (`Task`.`due_date` BETWEEN '2025-11-29 08:13:00' AND '2025-11-29 08:15:00' OR `Task`.`reminder_at` BETWEEN '2025-11-29 08:13:00' AND '2025-11-29 08:15:00');",
  parameters: {}
}
Error in notification cron: Error
    at Query.run (/Users/hoc/Documents/Ky_5/Computer_Technology/Final/SMARTTASKER-2.0/backend/node_modules/sequelize/lib/dialects/mysql/query.js:52:25)
    at /Users/hoc/Documents/Ky_5/Computer_Technology/Final/SMARTTASKER-2.0/backend/node_modules/sequelize/lib/sequelize.js:315:28
    at process.processTicksAndRejections (node:internal/process/task_queues:103:5)
    at async MySQLQueryInterface.select (/Users/hoc/Documents/Ky_5/Computer_Technology/Final/SMARTTASKER-2.0/backend/node_modules/sequelize/lib/dialects/abstract/query-interface.js:407:12)
    at async Task.findAll (/Users/hoc/Documents/Ky_5/Computer_Technology/Final/SMARTTASKER-2.0/backend/node_modules/sequelize/lib/model.js:1140:21)
    at async /Users/hoc/Documents/Ky_5/Computer_Technology/Final/SMARTTASKER-2.0/backend/cron/notificationCron.js:15:19
    at async Timeout._onTimeout (/Users/hoc/Documents/Ky_5/Computer_Technology/Final/SMARTTASKER-2.0/backend/node_modules/node-cron/dist/cjs/scheduler/runner.js:70:44) {
  name: 'SequelizeDatabaseError',
  parent: Error: Unknown column 'Task.due_date' in 'where clause'
      at Packet.asError (/Users/hoc/Documents/Ky_5/Computer_Technology/Final/SMARTTASKER-2.0/backend/node_modules/mysql2/lib/packets/packet.js:740:17)
      at Query.execute (/Users/hoc/Documents/Ky_5/Computer_Technology/Final/SMARTTASKER-2.0/backend/node_modules/mysql2/lib/commands/command.js:29:26)
      at Connection.handlePacket (/Users/hoc/Documents/Ky_5/Computer_Technology/Final/SMARTTASKER-2.0/backend/node_modules/mysql2/lib/base/connection.js:477:34)
      at PacketParser.onPacket (/Users/hoc/Documents/Ky_5/Computer_Technology/Final/SMARTTASKER-2.0/backend/node_modules/mysql2/lib/base/connection.js:93:12)
      at PacketParser.executeStart (/Users/hoc/Documents/Ky_5/Computer_Technology/Final/SMARTTASKER-2.0/backend/node_modules/mysql2/lib/packet_parser.js:75:16)
      at Socket.<anonymous> (/Users/hoc/Documents/Ky_5/Computer_Technology/Final/SMARTTASKER-2.0/backend/node_modules/mysql2/lib/base/connection.js:100:25)
      at Socket.emit (node:events:508:28)
      at addChunk (node:internal/streams/readable:559:12)
      at readableAddChunkPushByteMode (node:internal/streams/readable:510:3)
      at Readable.push (node:internal/streams/readable:390:5) {
    code: 'ER_BAD_FIELD_ERROR',
    errno: 1054,
    sqlState: '42S22',
    sqlMessage: "Unknown column 'Task.due_date' in 'where clause'",
    sql: "SELECT `Task`.`task_id`, `Task`.`title`, `Task`.`description`, `Task`.`attachment`, `Task`.`createdAt`, `Task`.`updatedAt`, `Task`.`user_id`, `Task`.`project_id`, `Task`.`priority_id`, `Task`.`status_id`, `Task`.`due_date_id`, `Task`.`reminder_id`, `User`.`user_id` AS `User.user_id`, `User`.`name` AS `User.name`, `User`.`email` AS `User.email`, `User`.`createdAt` AS `User.createdAt`, `User`.`updatedAt` AS `User.updatedAt` FROM `Tasks` AS `Task` LEFT OUTER JOIN `Users` AS `User` ON `Task`.`user_id` = `User`.`user_id` WHERE (`Task`.`due_date` BETWEEN '2025-11-29 08:14:00' AND '2025-11-29 08:16:00' OR `Task`.`reminder_at` BETWEEN '2025-11-29 08:14:00' AND '2025-11-29 08:16:00');",
    parameters: undefined
  },
  original: Error: Unknown column 'Task.due_date' in 'where clause'
      at Packet.asError (/Users/hoc/Documents/Ky_5/Computer_Technology/Final/SMARTTASKER-2.0/backend/node_modules/mysql2/lib/packets/packet.js:740:17)
      at Query.execute (/Users/hoc/Documents/Ky_5/Computer_Technology/Final/SMARTTASKER-2.0/backend/node_modules/mysql2/lib/commands/command.js:29:26)
      at Connection.handlePacket (/Users/hoc/Documents/Ky_5/Computer_Technology/Final/SMARTTASKER-2.0/backend/node_modules/mysql2/lib/base/connection.js:477:34)
      at PacketParser.onPacket (/Users/hoc/Documents/Ky_5/Computer_Technology/Final/SMARTTASKER-2.0/backend/node_modules/mysql2/lib/base/connection.js:93:12)
      at PacketParser.executeStart (/Users/hoc/Documents/Ky_5/Computer_Technology/Final/SMARTTASKER-2.0/backend/node_modules/mysql2/lib/packet_parser.js:75:16)
      at Socket.<anonymous> (/Users/hoc/Documents/Ky_5/Computer_Technology/Final/SMARTTASKER-2.0/backend/node_modules/mysql2/lib/base/connection.js:100:25)
      at Socket.emit (node:events:508:28)
      at addChunk (node:internal/streams/readable:559:12)
      at readableAddChunkPushByteMode (node:internal/streams/readable:510:3)
      at Readable.push (node:internal/streams/readable:390:5) {
    code: 'ER_BAD_FIELD_ERROR',
    errno: 1054,
    sqlState: '42S22',
    sqlMessage: "Unknown column 'Task.due_date' in 'where clause'",
    sql: "SELECT `Task`.`task_id`, `Task`.`title`, `Task`.`description`, `Task`.`attachment`, `Task`.`createdAt`, `Task`.`updatedAt`, `Task`.`user_id`, `Task`.`project_id`, `Task`.`priority_id`, `Task`.`status_id`, `Task`.`due_date_id`, `Task`.`reminder_id`, `User`.`user_id` AS `User.user_id`, `User`.`name` AS `User.name`, `User`.`email` AS `User.email`, `User`.`createdAt` AS `User.createdAt`, `User`.`updatedAt` AS `User.updatedAt` FROM `Tasks` AS `Task` LEFT OUTER JOIN `Users` AS `User` ON `Task`.`user_id` = `User`.`user_id` WHERE (`Task`.`due_date` BETWEEN '2025-11-29 08:14:00' AND '2025-11-29 08:16:00' OR `Task`.`reminder_at` BETWEEN '2025-11-29 08:14:00' AND '2025-11-29 08:16:00');",
    parameters: undefined
  },
  sql: "SELECT `Task`.`task_id`, `Task`.`title`, `Task`.`description`, `Task`.`attachment`, `Task`.`createdAt`, `Task`.`updatedAt`, `Task`.`user_id`, `Task`.`project_id`, `Task`.`priority_id`, `Task`.`status_id`, `Task`.`due_date_id`, `Task`.`reminder_id`, `User`.`user_id` AS `User.user_id`, `User`.`name` AS `User.name`, `User`.`email` AS `User.email`, `User`.`createdAt` AS `User.createdAt`, `User`.`updatedAt` AS `User.updatedAt` FROM `Tasks` AS `Task` LEFT OUTER JOIN `Users` AS `User` ON `Task`.`user_id` = `User`.`user_id` WHERE (`Task`.`due_date` BETWEEN '2025-11-29 08:14:00' AND '2025-11-29 08:16:00' OR `Task`.`reminder_at` BETWEEN '2025-11-29 08:14:00' AND '2025-11-29 08:16:00');",
  parameters: {}
}
